Start testing: Apr 17 20:16 BST
----------------------------------------------------------
1/6 Testing: SwingDetector_GTest
1/6 Test: SwingDetector_GTest
Command: "/home/group5/RTES_Table_Tennis/junk/1/1/SwingDetector_GTest"
Directory: /home/group5/RTES_Table_Tennis/junk/1/1
"SwingDetector_GTest" start time: Apr 17 20:16 BST
Output:
----------------------------------------------------------
Running main() from ./googletest/src/gtest_main.cc
[==========] Running 5 tests from 1 test suite.
[----------] Global test environment set-up.
[----------] 5 tests from test_swingdetector
[ RUN      ] test_swingdetector.checkinit_fires_on_first_sample
[       OK ] test_swingdetector.checkinit_fires_on_first_sample (0 ms)
[ RUN      ] test_swingdetector.checkno_callback_when_level_unchanged
[       OK ] test_swingdetector.checkno_callback_when_level_unchanged (0 ms)
[ RUN      ] test_swingdetector.checklevel_transitions_each_fire_callback
[       OK ] test_swingdetector.checklevel_transitions_each_fire_callback (0 ms)
[ RUN      ] test_swingdetector.checkreset_allows_same_level_to_refire
[       OK ] test_swingdetector.checkreset_allows_same_level_to_refire (0 ms)
[ RUN      ] test_swingdetector.checkthreshold_boundary_values
[       OK ] test_swingdetector.checkthreshold_boundary_values (0 ms)
[----------] 5 tests from test_swingdetector (0 ms total)

[----------] Global test environment tear-down
[==========] 5 tests from 1 test suite ran. (0 ms total)
[  PASSED  ] 5 tests.
<end of output>
Test time =   0.00 sec
----------------------------------------------------------
Test Passed.
"SwingDetector_GTest" end time: Apr 17 20:16 BST
"SwingDetector_GTest" time elapsed: 00:00:00
----------------------------------------------------------

2/6 Testing: SwingCalibrator_GTest
2/6 Test: SwingCalibrator_GTest
Command: "/home/group5/RTES_Table_Tennis/junk/1/1/SwingCalibrator_GTest"
Directory: /home/group5/RTES_Table_Tennis/junk/1/1
"SwingCalibrator_GTest" start time: Apr 17 20:16 BST
Output:
----------------------------------------------------------
Running main() from ./googletest/src/gtest_main.cc
[==========] Running 6 tests from 1 test suite.
[----------] Global test environment set-up.
[----------] 6 tests from test_swingcalibrator
[ RUN      ] test_swingcalibrator.checkfeed_returns_true_during_calibration
[       OK ] test_swingcalibrator.checkfeed_returns_true_during_calibration (0 ms)
[ RUN      ] test_swingcalibrator.checkbias_is_average_of_samples
[       OK ] test_swingcalibrator.checkbias_is_average_of_samples (0 ms)
[ RUN      ] test_swingcalibrator.checkisready_after_initial_phase
[       OK ] test_swingcalibrator.checkisready_after_initial_phase (0 ms)
[ RUN      ] test_swingcalibrator.checkcallback_fires_on_completion
[       OK ] test_swingcalibrator.checkcallback_fires_on_completion (0 ms)
[ RUN      ] test_swingcalibrator.checktriggerrecal_refreshes_bias
[       OK ] test_swingcalibrator.checktriggerrecal_refreshes_bias (0 ms)
[ RUN      ] test_swingcalibrator.checktriggerrecal_ignored_while_calibrating
[       OK ] test_swingcalibrator.checktriggerrecal_ignored_while_calibrating (0 ms)
[----------] 6 tests from test_swingcalibrator (0 ms total)

[----------] Global test environment tear-down
[==========] 6 tests from 1 test suite ran. (0 ms total)
[  PASSED  ] 6 tests.
<end of output>
Test time =   0.00 sec
----------------------------------------------------------
Test Passed.
"SwingCalibrator_GTest" end time: Apr 17 20:16 BST
"SwingCalibrator_GTest" time elapsed: 00:00:00
----------------------------------------------------------

3/6 Testing: PiezoEventDetector_GTest
3/6 Test: PiezoEventDetector_GTest
Command: "/home/group5/RTES_Table_Tennis/junk/1/1/PiezoEventDetector_GTest"
Directory: /home/group5/RTES_Table_Tennis/junk/1/1
"PiezoEventDetector_GTest" start time: Apr 17 20:16 BST
Output:
----------------------------------------------------------
Running main() from ./googletest/src/gtest_main.cc
[==========] Running 6 tests from 1 test suite.
[----------] Global test environment set-up.
[----------] 6 tests from test_piezoeventdetector
[ RUN      ] test_piezoeventdetector.checkdip_then_peak_fires_true
[       OK ] test_piezoeventdetector.checkdip_then_peak_fires_true (0 ms)
[ RUN      ] test_piezoeventdetector.checksecond_peak_while_pressed_does_not_refire
[       OK ] test_piezoeventdetector.checksecond_peak_while_pressed_does_not_refire (0 ms)
[ RUN      ] test_piezoeventdetector.checkpress_then_release_fires_both_events
[       OK ] test_piezoeventdetector.checkpress_then_release_fires_both_events (0 ms)
[ RUN      ] test_piezoeventdetector.checkmidrange_alone_does_not_fire
[       OK ] test_piezoeventdetector.checkmidrange_alone_does_not_fire (0 ms)
[ RUN      ] test_piezoeventdetector.checksecond_cycle_works_after_release
[       OK ] test_piezoeventdetector.checksecond_cycle_works_after_release (0 ms)
[ RUN      ] test_piezoeventdetector.checkreset_clears_state_and_allows_refire
[       OK ] test_piezoeventdetector.checkreset_clears_state_and_allows_refire (0 ms)
[----------] 6 tests from test_piezoeventdetector (0 ms total)

[----------] Global test environment tear-down
[==========] 6 tests from 1 test suite ran. (0 ms total)
[  PASSED  ] 6 tests.
<end of output>
Test time =   0.00 sec
----------------------------------------------------------
Test Passed.
"PiezoEventDetector_GTest" end time: Apr 17 20:16 BST
"PiezoEventDetector_GTest" time elapsed: 00:00:00
----------------------------------------------------------

4/6 Testing: SwingFeedback_GTest
4/6 Test: SwingFeedback_GTest
Command: "/home/group5/RTES_Table_Tennis/junk/1/1/SwingFeedback_GTest"
Directory: /home/group5/RTES_Table_Tennis/junk/1/1
"SwingFeedback_GTest" start time: Apr 17 20:16 BST
Output:
----------------------------------------------------------
Running main() from ./googletest/src/gtest_main.cc
[==========] Running 6 tests from 1 test suite.
[----------] Global test environment set-up.
[----------] 6 tests from test_swingfeedback
[ RUN      ] test_swingfeedback.checkhighest_level_drives_motor
[       OK ] test_swingfeedback.checkhighest_level_drives_motor (100 ms)
[ RUN      ] test_swingfeedback.checkmedium_level_drives_motor
[       OK ] test_swingfeedback.checkmedium_level_drives_motor (100 ms)
[ RUN      ] test_swingfeedback.checklow_level_drives_motor
[       OK ] test_swingfeedback.checklow_level_drives_motor (100 ms)
[ RUN      ] test_swingfeedback.checkzero_level_does_not_start_window
[       OK ] test_swingfeedback.checkzero_level_does_not_start_window (0 ms)
[ RUN      ] test_swingfeedback.checkreset_callback_fires_after_pattern_completes
[       OK ] test_swingfeedback.checkreset_callback_fires_after_pattern_completes (4000 ms)
[ RUN      ] test_swingfeedback.checktimeout_is_noop_when_idle
[       OK ] test_swingfeedback.checktimeout_is_noop_when_idle (0 ms)
[----------] 6 tests from test_swingfeedback (4300 ms total)

[----------] Global test environment tear-down
[==========] 6 tests from 1 test suite ran. (4300 ms total)
[  PASSED  ] 6 tests.
<end of output>
Test time =   4.30 sec
----------------------------------------------------------
Test Passed.
"SwingFeedback_GTest" end time: Apr 17 20:16 BST
"SwingFeedback_GTest" time elapsed: 00:00:04
----------------------------------------------------------

5/6 Testing: PositionDetector_GTest
5/6 Test: PositionDetector_GTest
Command: "/home/group5/RTES_Table_Tennis/junk/1/1/PositionDetector_GTest"
Directory: /home/group5/RTES_Table_Tennis/junk/1/1
"PositionDetector_GTest" start time: Apr 17 20:16 BST
Output:
----------------------------------------------------------
Running main() from ./googletest/src/gtest_main.cc
[==========] Running 4 tests from 1 test suite.
[----------] Global test environment set-up.
[----------] 4 tests from test_positiondetector
[ RUN      ] test_positiondetector.checkno_callback_before_stability_samples
[       OK ] test_positiondetector.checkno_callback_before_stability_samples (0 ms)
[ RUN      ] test_positiondetector.checkcallback_true_after_stability_samples
[       OK ] test_positiondetector.checkcallback_true_after_stability_samples (0 ms)
[ RUN      ] test_positiondetector.checkbad_sample_resets_stability_counter
[       OK ] test_positiondetector.checkbad_sample_resets_stability_counter (0 ms)
[ RUN      ] test_positiondetector.checkcallback_false_when_position_lost
[       OK ] test_positiondetector.checkcallback_false_when_position_lost (0 ms)
[----------] 4 tests from test_positiondetector (0 ms total)

[----------] Global test environment tear-down
[==========] 4 tests from 1 test suite ran. (0 ms total)
[  PASSED  ] 4 tests.
<end of output>
Test time =   0.00 sec
----------------------------------------------------------
Test Passed.
"PositionDetector_GTest" end time: Apr 17 20:16 BST
"PositionDetector_GTest" time elapsed: 00:00:00
----------------------------------------------------------

6/6 Testing: SwingProcessor_GTest
6/6 Test: SwingProcessor_GTest
Command: "/home/group5/RTES_Table_Tennis/junk/1/1/SwingProcessor_GTest"
Directory: /home/group5/RTES_Table_Tennis/junk/1/1
"SwingProcessor_GTest" start time: Apr 17 20:16 BST
Output:
----------------------------------------------------------
Running main() from ./googletest/src/gtest_main.cc
[==========] Running 4 tests from 1 test suite.
[----------] Global test environment set-up.
[----------] 4 tests from test_swingprocessor
[ RUN      ] test_swingprocessor.checkforce_alone_does_not_fire_magnitude
[       OK ] test_swingprocessor.checkforce_alone_does_not_fire_magnitude (0 ms)
[ RUN      ] test_swingprocessor.checkposition_alone_does_not_fire_magnitude
[       OK ] test_swingprocessor.checkposition_alone_does_not_fire_magnitude (0 ms)
[ RUN      ] test_swingprocessor.checkgate_opens_when_both_position_and_force_ready
[       OK ] test_swingprocessor.checkgate_opens_when_both_position_and_force_ready (0 ms)
[ RUN      ] test_swingprocessor.checkforce_false_zeros_magnitude_when_active
[       OK ] test_swingprocessor.checkforce_false_zeros_magnitude_when_active (0 ms)
[----------] 4 tests from test_swingprocessor (0 ms total)

[----------] Global test environment tear-down
[==========] 4 tests from 1 test suite ran. (0 ms total)
[  PASSED  ] 4 tests.
<end of output>
Test time =   0.00 sec
----------------------------------------------------------
Test Passed.
"SwingProcessor_GTest" end time: Apr 17 20:16 BST
"SwingProcessor_GTest" time elapsed: 00:00:00
----------------------------------------------------------

End testing: Apr 17 20:16 BST
